#! /usr/bin/vvp
:ivl_version "10.0 (stable)";
:ivl_delay_selection "TYPICAL";
:vpi_time_precision - 12;
:vpi_module "system";
:vpi_module "vhdl_sys";
:vpi_module "v2005_math";
:vpi_module "va_math";
S_0x55562c90be40 .scope module, "CmbControl" "CmbControl" 2 5;
 .timescale -9 -12;
    .port_info 0 /INPUT 6 "opcode"
    .port_info 1 /INPUT 5 "rt"
    .port_info 2 /INPUT 6 "funct"
    .port_info 3 /OUTPUT 3 "op_wtg"
    .port_info 4 /OUTPUT 1 "w_en_regfile"
    .port_info 5 /OUTPUT 4 "op_alu"
    .port_info 6 /OUTPUT 3 "op_datamem"
    .port_info 7 /OUTPUT 1 "w_en_datamem"
    .port_info 8 /OUTPUT 1 "syscall_en"
    .port_info 9 /OUTPUT 2 "mux_regfile_req_w"
    .port_info 10 /OUTPUT 2 "mux_regfile_data_w"
    .port_info 11 /OUTPUT 2 "mux_alu_data_y"
    .port_info 12 /OUTPUT 1 "is_jump"
    .port_info 13 /OUTPUT 1 "is_branch"
o0x7f3ff4ac0018 .functor BUFZ 6, C4<zzzzzz>; HiZ drive
v0x55562c8fc7b0_0 .net "funct", 5 0, o0x7f3ff4ac0018;  0 drivers
v0x55562c92bea0_0 .var "is_branch", 0 0;
v0x55562c92bf60_0 .var "is_jump", 0 0;
v0x55562c92c000_0 .var "mux_alu_data_y", 1 0;
v0x55562c92c0e0_0 .var "mux_regfile_data_w", 1 0;
v0x55562c92c210_0 .var "mux_regfile_req_w", 1 0;
v0x55562c92c2f0_0 .var "op_alu", 3 0;
v0x55562c92c3d0_0 .var "op_datamem", 2 0;
v0x55562c92c4b0_0 .var "op_wtg", 2 0;
o0x7f3ff4ac01c8 .functor BUFZ 6, C4<zzzzzz>; HiZ drive
v0x55562c92c590_0 .net "opcode", 5 0, o0x7f3ff4ac01c8;  0 drivers
o0x7f3ff4ac01f8 .functor BUFZ 5, C4<zzzzz>; HiZ drive
v0x55562c92c670_0 .net "rt", 4 0, o0x7f3ff4ac01f8;  0 drivers
v0x55562c92c750_0 .var "syscall_en", 0 0;
v0x55562c92c810_0 .var "w_en_datamem", 0 0;
v0x55562c92c8d0_0 .var "w_en_regfile", 0 0;
E_0x55562c8e7ff0 .event edge, v0x55562c92c590_0, v0x55562c8fc7b0_0, v0x55562c92c670_0;
    .scope S_0x55562c90be40;
T_0 ;
    %wait E_0x55562c8e7ff0;
    %pushi/vec4 0, 0, 3;
    %store/vec4 v0x55562c92c4b0_0, 0, 3;
    %pushi/vec4 0, 0, 4;
    %store/vec4 v0x55562c92c2f0_0, 0, 4;
    %pushi/vec4 4, 0, 3;
    %store/vec4 v0x55562c92c3d0_0, 0, 3;
    %pushi/vec4 1, 0, 1;
    %store/vec4 v0x55562c92c8d0_0, 0, 1;
    %pushi/vec4 0, 0, 1;
    %store/vec4 v0x55562c92c810_0, 0, 1;
    %pushi/vec4 0, 0, 1;
    %store/vec4 v0x55562c92c750_0, 0, 1;
    %pushi/vec4 1, 0, 2;
    %store/vec4 v0x55562c92c210_0, 0, 2;
    %pushi/vec4 0, 0, 2;
    %store/vec4 v0x55562c92c0e0_0, 0, 2;
    %pushi/vec4 1, 0, 2;
    %store/vec4 v0x55562c92c000_0, 0, 2;
    %pushi/vec4 0, 0, 1;
    %store/vec4 v0x55562c92bf60_0, 0, 1;
    %pushi/vec4 0, 0, 1;
    %store/vec4 v0x55562c92bea0_0, 0, 1;
    %load/vec4 v0x55562c92c590_0;
    %dup/vec4;
    %pushi/vec4 0, 0, 6;
    %cmp/u;
    %jmp/1 T_0.0, 6;
    %dup/vec4;
    %pushi/vec4 1, 0, 6;
    %cmp/u;
    %jmp/1 T_0.1, 6;
    %dup/vec4;
    %pushi/vec4 2, 0, 6;
    %cmp/u;
    %jmp/1 T_0.2, 6;
    %dup/vec4;
    %pushi/vec4 3, 0, 6;
    %cmp/u;
    %jmp/1 T_0.3, 6;
    %dup/vec4;
    %pushi/vec4 4, 0, 6;
    %cmp/u;
    %jmp/1 T_0.4, 6;
    %dup/vec4;
    %pushi/vec4 5, 0, 6;
    %cmp/u;
    %jmp/1 T_0.5, 6;
    %dup/vec4;
    %pushi/vec4 6, 0, 6;
    %cmp/u;
    %jmp/1 T_0.6, 6;
    %dup/vec4;
    %pushi/vec4 7, 0, 6;
    %cmp/u;
    %jmp/1 T_0.7, 6;
    %dup/vec4;
    %pushi/vec4 8, 0, 6;
    %cmp/u;
    %jmp/1 T_0.8, 6;
    %dup/vec4;
    %pushi/vec4 9, 0, 6;
    %cmp/u;
    %jmp/1 T_0.9, 6;
    %dup/vec4;
    %pushi/vec4 10, 0, 6;
    %cmp/u;
    %jmp/1 T_0.10, 6;
    %dup/vec4;
    %pushi/vec4 11, 0, 6;
    %cmp/u;
    %jmp/1 T_0.11, 6;
    %dup/vec4;
    %pushi/vec4 12, 0, 6;
    %cmp/u;
    %jmp/1 T_0.12, 6;
    %dup/vec4;
    %pushi/vec4 13, 0, 6;
    %cmp/u;
    %jmp/1 T_0.13, 6;
    %dup/vec4;
    %pushi/vec4 14, 0, 6;
    %cmp/u;
    %jmp/1 T_0.14, 6;
    %dup/vec4;
    %pushi/vec4 15, 0, 6;
    %cmp/u;
    %jmp/1 T_0.15, 6;
    %dup/vec4;
    %pushi/vec4 32, 0, 6;
    %cmp/u;
    %jmp/1 T_0.16, 6;
    %dup/vec4;
    %pushi/vec4 33, 0, 6;
    %cmp/u;
    %jmp/1 T_0.17, 6;
    %dup/vec4;
    %pushi/vec4 35, 0, 6;
    %cmp/u;
    %jmp/1 T_0.18, 6;
    %dup/vec4;
    %pushi/vec4 36, 0, 6;
    %cmp/u;
    %jmp/1 T_0.19, 6;
    %dup/vec4;
    %pushi/vec4 37, 0, 6;
    %cmp/u;
    %jmp/1 T_0.20, 6;
    %dup/vec4;
    %pushi/vec4 40, 0, 6;
    %cmp/u;
    %jmp/1 T_0.21, 6;
    %dup/vec4;
    %pushi/vec4 41, 0, 6;
    %cmp/u;
    %jmp/1 T_0.22, 6;
    %dup/vec4;
    %pushi/vec4 43, 0, 6;
    %cmp/u;
    %jmp/1 T_0.23, 6;
    %jmp T_0.24;
T_0.0 ;
    %pushi/vec4 0, 0, 2;
    %store/vec4 v0x55562c92c210_0, 0, 2;
    %pushi/vec4 0, 0, 2;
    %store/vec4 v0x55562c92c0e0_0, 0, 2;
    %pushi/vec4 0, 0, 2;
    %store/vec4 v0x55562c92c000_0, 0, 2;
    %load/vec4 v0x55562c8fc7b0_0;
    %dup/vec4;
    %pushi/vec4 0, 0, 6;
    %cmp/u;
    %jmp/1 T_0.25, 6;
    %dup/vec4;
    %pushi/vec4 2, 0, 6;
    %cmp/u;
    %jmp/1 T_0.26, 6;
    %dup/vec4;
    %pushi/vec4 3, 0, 6;
    %cmp/u;
    %jmp/1 T_0.27, 6;
    %dup/vec4;
    %pushi/vec4 4, 0, 6;
    %cmp/u;
    %jmp/1 T_0.28, 6;
    %dup/vec4;
    %pushi/vec4 6, 0, 6;
    %cmp/u;
    %jmp/1 T_0.29, 6;
    %dup/vec4;
    %pushi/vec4 7, 0, 6;
    %cmp/u;
    %jmp/1 T_0.30, 6;
    %dup/vec4;
    %pushi/vec4 8, 0, 6;
    %cmp/u;
    %jmp/1 T_0.31, 6;
    %dup/vec4;
    %pushi/vec4 12, 0, 6;
    %cmp/u;
    %jmp/1 T_0.32, 6;
    %dup/vec4;
    %pushi/vec4 32, 0, 6;
    %cmp/u;
    %jmp/1 T_0.33, 6;
    %dup/vec4;
    %pushi/vec4 33, 0, 6;
    %cmp/u;
    %jmp/1 T_0.34, 6;
    %dup/vec4;
    %pushi/vec4 34, 0, 6;
    %cmp/u;
    %jmp/1 T_0.35, 6;
    %dup/vec4;
    %pushi/vec4 35, 0, 6;
    %cmp/u;
    %jmp/1 T_0.36, 6;
    %dup/vec4;
    %pushi/vec4 36, 0, 6;
    %cmp/u;
    %jmp/1 T_0.37, 6;
    %dup/vec4;
    %pushi/vec4 37, 0, 6;
    %cmp/u;
    %jmp/1 T_0.38, 6;
    %dup/vec4;
    %pushi/vec4 38, 0, 6;
    %cmp/u;
    %jmp/1 T_0.39, 6;
    %dup/vec4;
    %pushi/vec4 39, 0, 6;
    %cmp/u;
    %jmp/1 T_0.40, 6;
    %dup/vec4;
    %pushi/vec4 42, 0, 6;
    %cmp/u;
    %jmp/1 T_0.41, 6;
    %dup/vec4;
    %pushi/vec4 43, 0, 6;
    %cmp/u;
    %jmp/1 T_0.42, 6;
    %jmp T_0.43;
T_0.25 ;
    %pushi/vec4 9, 0, 4;
    %store/vec4 v0x55562c92c2f0_0, 0, 4;
    %jmp T_0.43;
T_0.26 ;
    %pushi/vec4 11, 0, 4;
    %store/vec4 v0x55562c92c2f0_0, 0, 4;
    %jmp T_0.43;
T_0.27 ;
    %pushi/vec4 10, 0, 4;
    %store/vec4 v0x55562c92c2f0_0, 0, 4;
    %jmp T_0.43;
T_0.28 ;
    %pushi/vec4 6, 0, 4;
    %store/vec4 v0x55562c92c2f0_0, 0, 4;
    %jmp T_0.43;
T_0.29 ;
    %pushi/vec4 8, 0, 4;
    %store/vec4 v0x55562c92c2f0_0, 0, 4;
    %jmp T_0.43;
T_0.30 ;
    %pushi/vec4 7, 0, 4;
    %store/vec4 v0x55562c92c2f0_0, 0, 4;
    %jmp T_0.43;
T_0.31 ;
    %pushi/vec4 0, 0, 3;
    %store/vec4 v0x55562c92c4b0_0, 0, 3;
    %pushi/vec4 1, 0, 1;
    %store/vec4 v0x55562c92bf60_0, 0, 1;
    %pushi/vec4 0, 0, 1;
    %store/vec4 v0x55562c92c8d0_0, 0, 1;
    %jmp T_0.43;
T_0.32 ;
    %pushi/vec4 1, 0, 1;
    %store/vec4 v0x55562c92c750_0, 0, 1;
    %pushi/vec4 0, 0, 1;
    %store/vec4 v0x55562c92c8d0_0, 0, 1;
    %jmp T_0.43;
T_0.33 ;
    %pushi/vec4 4, 0, 4;
    %store/vec4 v0x55562c92c2f0_0, 0, 4;
    %jmp T_0.43;
T_0.34 ;
    %pushi/vec4 4, 0, 4;
    %store/vec4 v0x55562c92c2f0_0, 0, 4;
    %jmp T_0.43;
T_0.35 ;
    %pushi/vec4 5, 0, 4;
    %store/vec4 v0x55562c92c2f0_0, 0, 4;
    %jmp T_0.43;
T_0.36 ;
    %pushi/vec4 5, 0, 4;
    %store/vec4 v0x55562c92c2f0_0, 0, 4;
    %jmp T_0.43;
T_0.37 ;
    %pushi/vec4 0, 0, 4;
    %store/vec4 v0x55562c92c2f0_0, 0, 4;
    %jmp T_0.43;
T_0.38 ;
    %pushi/vec4 1, 0, 4;
    %store/vec4 v0x55562c92c2f0_0, 0, 4;
    %jmp T_0.43;
T_0.39 ;
    %pushi/vec4 2, 0, 4;
    %store/vec4 v0x55562c92c2f0_0, 0, 4;
    %jmp T_0.43;
T_0.40 ;
    %pushi/vec4 3, 0, 4;
    %store/vec4 v0x55562c92c2f0_0, 0, 4;
    %jmp T_0.43;
T_0.41 ;
    %pushi/vec4 12, 0, 4;
    %store/vec4 v0x55562c92c2f0_0, 0, 4;
    %jmp T_0.43;
T_0.42 ;
    %pushi/vec4 13, 0, 4;
    %store/vec4 v0x55562c92c2f0_0, 0, 4;
    %jmp T_0.43;
T_0.43 ;
    %pop/vec4 1;
    %jmp T_0.24;
T_0.1 ;
    %pushi/vec4 0, 0, 1;
    %store/vec4 v0x55562c92c8d0_0, 0, 1;
    %load/vec4 v0x55562c92c670_0;
    %parti/s 1, 0, 2;
    %dup/vec4;
    %pushi/vec4 0, 0, 1;
    %cmp/u;
    %jmp/1 T_0.44, 6;
    %dup/vec4;
    %pushi/vec4 1, 0, 1;
    %cmp/u;
    %jmp/1 T_0.45, 6;
    %jmp T_0.46;
T_0.44 ;
    %pushi/vec4 6, 0, 3;
    %store/vec4 v0x55562c92c4b0_0, 0, 3;
    %jmp T_0.46;
T_0.45 ;
    %pushi/vec4 7, 0, 4;
    %store/vec4 v0x55562c92c2f0_0, 0, 4;
    %jmp T_0.46;
T_0.46 ;
    %pop/vec4 1;
    %jmp T_0.24;
T_0.2 ;
    %pushi/vec4 1, 0, 3;
    %store/vec4 v0x55562c92c4b0_0, 0, 3;
    %pushi/vec4 1, 0, 1;
    %store/vec4 v0x55562c92bf60_0, 0, 1;
    %pushi/vec4 0, 0, 1;
    %store/vec4 v0x55562c92c8d0_0, 0, 1;
    %jmp T_0.24;
T_0.3 ;
    %pushi/vec4 0, 0, 3;
    %store/vec4 v0x55562c92c4b0_0, 0, 3;
    %pushi/vec4 1, 0, 1;
    %store/vec4 v0x55562c92bf60_0, 0, 1;
    %pushi/vec4 2, 0, 2;
    %store/vec4 v0x55562c92c210_0, 0, 2;
    %pushi/vec4 2, 0, 2;
    %store/vec4 v0x55562c92c0e0_0, 0, 2;
    %jmp T_0.24;
T_0.4 ;
    %pushi/vec4 2, 0, 3;
    %store/vec4 v0x55562c92c4b0_0, 0, 3;
    %pushi/vec4 1, 0, 1;
    %store/vec4 v0x55562c92bea0_0, 0, 1;
    %pushi/vec4 0, 0, 1;
    %store/vec4 v0x55562c92c8d0_0, 0, 1;
    %jmp T_0.24;
T_0.5 ;
    %pushi/vec4 3, 0, 3;
    %store/vec4 v0x55562c92c4b0_0, 0, 3;
    %pushi/vec4 1, 0, 1;
    %store/vec4 v0x55562c92bea0_0, 0, 1;
    %pushi/vec4 0, 0, 1;
    %store/vec4 v0x55562c92c8d0_0, 0, 1;
    %jmp T_0.24;
T_0.6 ;
    %pushi/vec4 4, 0, 3;
    %store/vec4 v0x55562c92c4b0_0, 0, 3;
    %pushi/vec4 1, 0, 1;
    %store/vec4 v0x55562c92bea0_0, 0, 1;
    %pushi/vec4 0, 0, 1;
    %store/vec4 v0x55562c92c8d0_0, 0, 1;
    %jmp T_0.24;
T_0.7 ;
    %pushi/vec4 5, 0, 3;
    %store/vec4 v0x55562c92c4b0_0, 0, 3;
    %pushi/vec4 1, 0, 1;
    %store/vec4 v0x55562c92bea0_0, 0, 1;
    %pushi/vec4 0, 0, 1;
    %store/vec4 v0x55562c92c8d0_0, 0, 1;
    %jmp T_0.24;
T_0.8 ;
    %pushi/vec4 4, 0, 4;
    %store/vec4 v0x55562c92c2f0_0, 0, 4;
    %jmp T_0.24;
T_0.9 ;
    %pushi/vec4 4, 0, 4;
    %store/vec4 v0x55562c92c2f0_0, 0, 4;
    %jmp T_0.24;
T_0.10 ;
    %pushi/vec4 12, 0, 4;
    %store/vec4 v0x55562c92c2f0_0, 0, 4;
    %jmp T_0.24;
T_0.11 ;
    %pushi/vec4 13, 0, 4;
    %store/vec4 v0x55562c92c2f0_0, 0, 4;
    %jmp T_0.24;
T_0.12 ;
    %pushi/vec4 0, 0, 4;
    %store/vec4 v0x55562c92c2f0_0, 0, 4;
    %pushi/vec4 2, 0, 2;
    %store/vec4 v0x55562c92c000_0, 0, 2;
    %jmp T_0.24;
T_0.13 ;
    %pushi/vec4 1, 0, 4;
    %store/vec4 v0x55562c92c2f0_0, 0, 4;
    %pushi/vec4 2, 0, 2;
    %store/vec4 v0x55562c92c000_0, 0, 2;
    %jmp T_0.24;
T_0.14 ;
    %pushi/vec4 2, 0, 4;
    %store/vec4 v0x55562c92c2f0_0, 0, 4;
    %pushi/vec4 2, 0, 2;
    %store/vec4 v0x55562c92c000_0, 0, 2;
    %jmp T_0.24;
T_0.15 ;
    %pushi/vec4 14, 0, 4;
    %store/vec4 v0x55562c92c2f0_0, 0, 4;
    %pushi/vec4 1, 0, 2;
    %store/vec4 v0x55562c92c0e0_0, 0, 2;
    %jmp T_0.24;
T_0.16 ;
    %pushi/vec4 4, 0, 4;
    %store/vec4 v0x55562c92c2f0_0, 0, 4;
    %pushi/vec4 1, 0, 2;
    %store/vec4 v0x55562c92c0e0_0, 0, 2;
    %pushi/vec4 0, 0, 3;
    %store/vec4 v0x55562c92c3d0_0, 0, 3;
    %jmp T_0.24;
T_0.17 ;
    %pushi/vec4 4, 0, 4;
    %store/vec4 v0x55562c92c2f0_0, 0, 4;
    %pushi/vec4 1, 0, 2;
    %store/vec4 v0x55562c92c0e0_0, 0, 2;
    %pushi/vec4 2, 0, 3;
    %store/vec4 v0x55562c92c3d0_0, 0, 3;
    %jmp T_0.24;
T_0.18 ;
    %pushi/vec4 4, 0, 4;
    %store/vec4 v0x55562c92c2f0_0, 0, 4;
    %pushi/vec4 1, 0, 2;
    %store/vec4 v0x55562c92c0e0_0, 0, 2;
    %pushi/vec4 4, 0, 3;
    %store/vec4 v0x55562c92c3d0_0, 0, 3;
    %jmp T_0.24;
T_0.19 ;
    %pushi/vec4 4, 0, 4;
    %store/vec4 v0x55562c92c2f0_0, 0, 4;
    %pushi/vec4 1, 0, 2;
    %store/vec4 v0x55562c92c0e0_0, 0, 2;
    %pushi/vec4 1, 0, 3;
    %store/vec4 v0x55562c92c3d0_0, 0, 3;
    %jmp T_0.24;
T_0.20 ;
    %pushi/vec4 4, 0, 4;
    %store/vec4 v0x55562c92c2f0_0, 0, 4;
    %pushi/vec4 1, 0, 2;
    %store/vec4 v0x55562c92c0e0_0, 0, 2;
    %pushi/vec4 3, 0, 3;
    %store/vec4 v0x55562c92c3d0_0, 0, 3;
    %jmp T_0.24;
T_0.21 ;
    %pushi/vec4 4, 0, 4;
    %store/vec4 v0x55562c92c2f0_0, 0, 4;
    %pushi/vec4 0, 0, 3;
    %store/vec4 v0x55562c92c3d0_0, 0, 3;
    %pushi/vec4 1, 0, 1;
    %store/vec4 v0x55562c92c810_0, 0, 1;
    %pushi/vec4 0, 0, 1;
    %store/vec4 v0x55562c92c8d0_0, 0, 1;
    %jmp T_0.24;
T_0.22 ;
    %pushi/vec4 4, 0, 4;
    %store/vec4 v0x55562c92c2f0_0, 0, 4;
    %pushi/vec4 2, 0, 3;
    %store/vec4 v0x55562c92c3d0_0, 0, 3;
    %pushi/vec4 1, 0, 1;
    %store/vec4 v0x55562c92c810_0, 0, 1;
    %pushi/vec4 0, 0, 1;
    %store/vec4 v0x55562c92c8d0_0, 0, 1;
    %jmp T_0.24;
T_0.23 ;
    %pushi/vec4 4, 0, 4;
    %store/vec4 v0x55562c92c2f0_0, 0, 4;
    %pushi/vec4 4, 0, 3;
    %store/vec4 v0x55562c92c3d0_0, 0, 3;
    %pushi/vec4 1, 0, 1;
    %store/vec4 v0x55562c92c810_0, 0, 1;
    %pushi/vec4 0, 0, 1;
    %store/vec4 v0x55562c92c8d0_0, 0, 1;
    %jmp T_0.24;
T_0.24 ;
    %pop/vec4 1;
    %jmp T_0;
    .thread T_0, $push;
# The file index is used to find the file name in the following table.
:file_names 3;
    "N/A";
    "<interactive>";
    "CmbControl.v";
